<?xml version="1.0" encoding="UTF-8"?>
<!-- Generated by org.testng.reporters.JUnitReportReporter -->
<testsuite hostname="ATMECSBLRLT-030" failures="0" tests="1" name="com.atmecs.test.testscripts.PostUserApiTesting" time="2.212" errors="0" timestamp="09 Nov 2020 00:54:37 GMT" skipped="0">
  <testcase classname="com.atmecs.test.testscripts.PostUserApiTesting" name="postData" time="2.212"/>
</testsuite> <!-- com.atmecs.test.testscripts.PostUserApiTesting -->
