<?xml version="1.0" encoding="UTF-8"?>
<!-- Generated by org.testng.reporters.JUnitReportReporter -->
<testsuite hostname="ATMECSBLRLT-030" failures="0" tests="1" name="com.atmecs.test.testscripts.GetProduct" time="2.181" errors="0" timestamp="10 Nov 2020 03:41:51 GMT" skipped="0">
  <testcase classname="com.atmecs.test.testscripts.GetProduct" name="testApi" time="2.181"/>
</testsuite> <!-- com.atmecs.test.testscripts.GetProduct -->
