<?xml version="1.0" encoding="UTF-8"?>
<!-- Generated by org.testng.reporters.JUnitReportReporter -->
<testsuite hostname="ATMECSBLRLT-030" failures="0" tests="1" name="com.atmecs.test.testscripts.LoginApi" time="2.032" errors="0" timestamp="12 Nov 2020 04:24:52 GMT" skipped="0">
  <testcase classname="com.atmecs.test.testscripts.LoginApi" name="testApi" time="2.032"/>
</testsuite> <!-- com.atmecs.test.testscripts.LoginApi -->
