<?xml version="1.0" encoding="UTF-8"?>
<!-- Generated by org.testng.reporters.JUnitReportReporter -->
<testsuite hostname="ATMECSBLRLT-030" failures="0" tests="1" name="com.atmecs.test.testscripts.Reporter" time="0.009" errors="0" timestamp="11 Nov 2020 10:21:22 GMT" skipped="0">
  <testcase classname="com.atmecs.test.testscripts.Reporter" name="report" time="0.009"/>
</testsuite> <!-- com.atmecs.test.testscripts.Reporter -->
