<?xml version="1.0" encoding="UTF-8"?>
<!-- Generated by org.testng.reporters.JUnitReportReporter -->
<testsuite hostname="ATMECSBLRLT-030" failures="0" tests="1" name="com.atmecs.test.testscripts.PostProductApi" time="2.330" errors="0" timestamp="10 Nov 2020 04:40:32 GMT" skipped="0">
  <testcase classname="com.atmecs.test.testscripts.PostProductApi" name="postData" time="2.330"/>
</testsuite> <!-- com.atmecs.test.testscripts.PostProductApi -->
