<?xml version="1.0" encoding="UTF-8"?>
<!-- Generated by org.testng.reporters.JUnitReportReporter -->
<testsuite hostname="ATMECSBLRLT-030" failures="0" tests="1" name="com.atmecs.test.testscripts.GetProductApiTest" time="2.222" errors="0" timestamp="12 Nov 2020 04:23:49 GMT" skipped="0">
  <testcase classname="com.atmecs.test.testscripts.GetProductApiTest" name="testApi" time="2.222"/>
</testsuite> <!-- com.atmecs.test.testscripts.GetProductApiTest -->
