<?xml version="1.0" encoding="UTF-8"?>
<!-- Generated by org.testng.reporters.JUnitReportReporter -->
<testsuite hostname="ATMECSBLRLT-030" failures="0" tests="1" name="com.atmecs.test.testscripts.PostProductApiTest" time="2.394" errors="0" timestamp="11 Nov 2020 15:40:13 GMT" skipped="0">
  <testcase classname="com.atmecs.test.testscripts.PostProductApiTest" name="postData" time="2.394"/>
</testsuite> <!-- com.atmecs.test.testscripts.PostProductApiTest -->
